<?xml version="1.0" encoding="UTF-8"?>
<!-- Generated by org.testng.reporters.JUnitXMLReporter -->
<testsuite ignored="0" hostname="DESKTOP-ORVEKOM" failures="0" tests="12" name="Default test" time="30.206" errors="0" timestamp="2025-05-03T18:48:47 GMT+03:00">
  <testcase classname="Almosafer.Almosafer.AppTest" name="ChekTheDefultLanguages" time="0.037"/>
  <testcase classname="Almosafer.Almosafer.AppTest" name="ChekTheCurrency" time="0.023"/>
  <testcase classname="Almosafer.Almosafer.AppTest" name="ChekTheContactNumber" time="0.219"/>
  <testcase classname="Almosafer.Almosafer.AppTest" name="checkQitafLogoIsDisplayed" time="0.035"/>
  <testcase classname="Almosafer.Almosafer.AppTest" name="verifyHotelsTabIsNotSelected" time="0.017"/>
  <testcase classname="Almosafer.Almosafer.AppTest" name="verifyDefaultDepartureDate" time="0.02"/>
  <testcase classname="Almosafer.Almosafer.AppTest" name="verifyDefaultReturnDate" time="0.024"/>
  <testcase classname="Almosafer.Almosafer.AppTest" name="RandomlyChangeTheLanguage" time="1.28"/>
  <testcase classname="Almosafer.Almosafer.AppTest" name="clickCities" time="2.831"/>
  <testcase classname="Almosafer.Almosafer.AppTest" name="selectRandomRoomOption" time="0.203"/>
  <testcase classname="Almosafer.Almosafer.AppTest" name="clickSearchHotelsButton" time="6.074"/>
  <testcase classname="Almosafer.Almosafer.AppTest" name="NewPage" time="12.343"/>
</testsuite> <!-- Default test -->
