<?xml version="1.0" encoding="UTF-8"?>
<!-- Generated by org.testng.reporters.JUnitXMLReporter -->
<testsuite ignored="0" hostname="DESKTOP-ORVEKOM" failures="0" tests="12" name="Default test" time="63.82" errors="0" timestamp="2025-05-10T14:54:04 GMT+03:00">
  <testcase classname="Almosafer.Almosafer.AppTest" name="ChekTheDefultLanguages" time="0.076"/>
  <testcase classname="Almosafer.Almosafer.AppTest" name="ChekTheCurrency" time="0.059"/>
  <testcase classname="Almosafer.Almosafer.AppTest" name="ChekTheContactNumber" time="0.066"/>
  <testcase classname="Almosafer.Almosafer.AppTest" name="checkQitafLogoIsDisplayed" time="0.137"/>
  <testcase classname="Almosafer.Almosafer.AppTest" name="verifyHotelsTabIsNotSelected" time="0.054"/>
  <testcase classname="Almosafer.Almosafer.AppTest" name="verifyDefaultDepartureDate" time="0.054"/>
  <testcase classname="Almosafer.Almosafer.AppTest" name="verifyDefaultReturnDate" time="0.049"/>
  <testcase classname="Almosafer.Almosafer.AppTest" name="RandomlyChangeTheLanguage" time="3.521"/>
  <testcase classname="Almosafer.Almosafer.AppTest" name="clickCities" time="1.452"/>
  <testcase classname="Almosafer.Almosafer.AppTest" name="selectRandomRoomOption" time="0.174"/>
  <testcase classname="Almosafer.Almosafer.AppTest" name="clickSearchHotelsButton" time="45.96"/>
  <testcase classname="Almosafer.Almosafer.AppTest" name="NewPage" time="0.201"/>
</testsuite> <!-- Default test -->
